\BOOKMARK [1][-]{section.1}{Introduction}{}% 1
\BOOKMARK [1][-]{section.2}{Analyse de menaces}{}% 2
\BOOKMARK [2][-]{subsection.2.1}{Agents mena\347ants}{section.2}% 3
\BOOKMARK [2][-]{subsection.2.2}{Vecteurs d'attaque}{section.2}% 4
\BOOKMARK [2][-]{subsection.2.3}{Faiblesses de s\351curit\351}{section.2}% 5
\BOOKMARK [2][-]{subsection.2.4}{Contr\364le de s\351curit\351}{section.2}% 6
\BOOKMARK [2][-]{subsection.2.5}{Impacts techniques}{section.2}% 7
\BOOKMARK [2][-]{subsection.2.6}{Impacts business}{section.2}% 8
\BOOKMARK [1][-]{section.3}{Vuln\351rabilit\351s et corrections}{}% 9
\BOOKMARK [2][-]{subsection.3.1}{XSS}{section.3}% 10
\BOOKMARK [3][-]{subsubsection.3.1.1}{Exploitation}{subsection.3.1}% 11
\BOOKMARK [3][-]{subsubsection.3.1.2}{Correction}{subsection.3.1}% 12
\BOOKMARK [2][-]{subsection.3.2}{Injection SQL}{section.3}% 13
\BOOKMARK [3][-]{subsubsection.3.2.1}{Exploitation}{subsection.3.2}% 14
\BOOKMARK [3][-]{subsubsection.3.2.2}{Correction}{subsection.3.2}% 15
\BOOKMARK [2][-]{subsection.3.3}{Mauvaise destruction des session}{section.3}% 16
\BOOKMARK [3][-]{subsubsection.3.3.1}{Exploit}{subsection.3.3}% 17
\BOOKMARK [3][-]{subsubsection.3.3.2}{Correction}{subsection.3.3}% 18
\BOOKMARK [2][-]{subsection.3.4}{Acc\350s au page sans login}{section.3}% 19
\BOOKMARK [3][-]{subsubsection.3.4.1}{Exploitation}{subsection.3.4}% 20
\BOOKMARK [3][-]{subsubsection.3.4.2}{Correction}{subsection.3.4}% 21
\BOOKMARK [2][-]{subsection.3.5}{Probl\350mes non r\351solvables}{section.3}% 22
